<?xml version="1.0" encoding="UTF-8"?>
<testsuite name="PostmanEchoTest" tests="1" skipped="0" failures="0" errors="0" timestamp="2023-12-06T05:50:05" hostname="MacBook-Air.local" time="4.749">
  <properties/>
  <testcase name="testPostRequest()" classname="PostmanEchoTest" time="4.749"/>
  <system-out><![CDATA[]]></system-out>
  <system-err><![CDATA[]]></system-err>
</testsuite>
